0	1	mikroCARM.exe -MSF -DBG -pSTM32F407VG -BIN -LHF -C -DL -SSA -O11111114 -fo150 -N"C:\Users\Santosh\Desktop\Ethernet Demo\Ethernet_Demo.mcpar" -SP"C:\Users\Public\Documents\Mikroelektronika\mikroC PRO for ARM\Defs\" -SP"C:\Users\Public\Documents\Mikroelektronika\mikroC PRO for ARM\Uses\ST M4\" -SP"C:\Users\Santosh\Desktop\Ethernet Demo\" -IP"C:\Users\Public\Documents\Mikroelektronika\mikroC PRO for ARM\Uses\ST M4\" -IP"C:\Users\Santosh\Desktop\Ethernet Demo\" "Ethernet_Demo.c" "TFT_driver.c" "TFT_events_code.c" "TFT_resources.c" "__Lib_Math.emcl" "__Lib_MathDouble.emcl" "__Lib_Delays.emcl" "__Lib_System_4XX.emcl" "__Lib_GPIO_32F4xx_Defs.emcl" "__Lib_GPIO_32F4xx.emcl" "__Lib_CType.emcl" "__Lib_CString.emcl" "__Lib_CStdlib.emcl" "__Lib_CMath.emcl" "__Lib_Conversions.emcl" "__Lib_ADC_123_32F20x_16ch.emcl" "__Lib_Ethernet_Intern.emcl" "__Lib_UART_123_45_6.emcl" "__Lib_TFT.emcl" "__Lib_TFT_Defs.emcl" "__Lib_TouchPanel_TFT.emcl"	 
diagnostics: 0	122	Compilation Started	__ethernet_intern.h
hint: 88	1163	Variable 'tmp' has been declared, but not used	Ethernet_Demo.c
diagnostics: 266	123	Compiled Successfully	Ethernet_Demo.c
hint: 85	1164	Variable 'remoteHost' has been eliminated by optimizer	Ethernet_Demo.c
hint: 85	1164	Variable 'remotePort' has been eliminated by optimizer	Ethernet_Demo.c
hint: 85	1164	Variable 'reqLength' has been eliminated by optimizer	Ethernet_Demo.c
hint: 202	1164	Variable 'tmp' has been eliminated by optimizer	Ethernet_Demo.c
diagnostics: 0	122	Compilation Started	tft_objects.h
hint: 93	1163	Variable 'save_bled_direction' has been declared, but not used	TFT_driver.c
diagnostics: 144	123	Compiled Successfully	TFT_driver.c
diagnostics: 0	122	Compilation Started	tft_objects.h
diagnostics: 1	123	Compiled Successfully	tft_resources.h
diagnostics: 0	122	Compilation Started	TFT_resources.c
diagnostics: 3816	123	Compiled Successfully	TFT_resources.c
diagnostics: 0	127	All files Compiled in 422 ms	 
hint: 0	1144	Used RX: 16 (100%)   Free RX: 0 (0%)	Used RX: 16 (100%)   Free RX: 0 (0%)
hint: 0	1144	Static RAM (bytes): 16564   Dynamic RAM (bytes): 113445	Static RAM (bytes): 16564   Dynamic RAM (bytes): 113445
hint: 0	1144	Used ROM (bytes): 90286 (9%)  Free ROM (bytes): 958290 (91%)	Used ROM (bytes): 90286 (9%)  Free ROM (bytes): 958290 (91%)
diagnostics: 0	125	Project Linked Successfully	Ethernet_Demo.mcpar
diagnostics: 0	128	Linked in 750 ms	 
diagnostics: 0	129	Project 'Ethernet_Demo.mcpar' completed: 1437 ms	 
diagnostics: 0	103	Finished successfully: 16 May 2018, 18:05:48	Ethernet_Demo.mcpar
